app/build/intermediates/manifest_merge_blame_file/debug/manifest-merger-blame-debug-report.txt
1<?xml version="1.0" encoding="utf-8"?>
2<manifest xmlns:android="http://schemas.android.com/apk/res/android"
3    package="com.forfun.eventalert"
4    android:versionCode="4"
5    android:versionName="2021111601" >
6
7    <uses-sdk
8        android:minSdkVersion="26"
8-->src\main\AndroidManifest.xml
9        android:targetSdkVersion="29" />
9-->src\main\AndroidManifest.xml
10
11    <uses-permission android:name="android.permission.USE_BIOMETRIC" />
11-->src\main\AndroidManifest.xml:6:5-72
11-->src\main\AndroidManifest.xml:6:22-69
12    <uses-permission android:name="android.permission.USE_FINGERPRINT" />
12-->src\main\AndroidManifest.xml:7:5-74
12-->src\main\AndroidManifest.xml:7:22-71
13    <uses-permission android:name="com.fingerprints.service.ACCESS_FINGERPRINT_MANAGER" />
13-->src\main\AndroidManifest.xml:8:5-91
13-->src\main\AndroidManifest.xml:8:22-88
14    <uses-permission android:name="com.samsung.android.providers.context.permission.WRITE_USE_APP_FEATURE_SURVEY" />
14-->src\main\AndroidManifest.xml:9:5-117
14-->src\main\AndroidManifest.xml:9:22-114
15    <uses-permission android:name="android.permission.WRITE_EXTERNAL_STORAGE" />
15-->src\main\AndroidManifest.xml:10:5-81
15-->src\main\AndroidManifest.xml:10:22-78
16    <uses-permission android:name="android.permission.READ_EXTERNAL_STORAGE" />
16-->src\main\AndroidManifest.xml:11:5-80
16-->src\main\AndroidManifest.xml:11:22-77
17    <uses-permission android:name="android.permission.CAMERA" />
17-->src\main\AndroidManifest.xml:12:5-65
17-->src\main\AndroidManifest.xml:12:22-62
18    <uses-permission android:name="android.permission.INTERNET" />
18-->src\main\AndroidManifest.xml:13:5-67
18-->src\main\AndroidManifest.xml:13:22-64
19    <uses-permission android:name="android.permission.ACCESS_WIFI_STATE" />
19-->src\main\AndroidManifest.xml:14:5-76
19-->src\main\AndroidManifest.xml:14:22-73
20    <uses-permission android:name="android.permission.ACCESS_NETWORK_STATE" />
20-->src\main\AndroidManifest.xml:15:5-79
20-->src\main\AndroidManifest.xml:15:22-76
21    <uses-permission android:name="android.permission.WAKE_LOCK" /> <!-- Required by older versions of Google Play services to create IID tokens -->
21-->src\main\AndroidManifest.xml:16:5-68
21-->src\main\AndroidManifest.xml:16:22-65
22    <uses-permission android:name="com.google.android.c2dm.permission.RECEIVE" />
22-->src\main\AndroidManifest.xml:17:5-82
22-->src\main\AndroidManifest.xml:17:22-79
23
24    <!-- 注意这里.permission.PASSBY_MSG是自身app的包名 + .permission.PROCESS_PUSH_MSG -->
25    <permission
25-->[com.huawei.hms:push:4.0.0.300] AndroidManifest.xml:10:5-12:55
26        android:name="com.forfun.eventalert.permission.PROCESS_PUSH_MSG"
26-->[com.huawei.hms:push:4.0.0.300] AndroidManifest.xml:11:9-68
27        android:protectionLevel="signatureOrSystem" />
27-->[com.huawei.hms:push:4.0.0.300] AndroidManifest.xml:12:9-52
28    <permission
28-->[com.huawei.hms:push:4.0.0.300] AndroidManifest.xml:13:5-15:55
29        android:name="com.forfun.eventalert.permission.PUSH_PROVIDER"
29-->[com.huawei.hms:push:4.0.0.300] AndroidManifest.xml:14:9-65
30        android:protectionLevel="signatureOrSystem" />
30-->[com.huawei.hms:push:4.0.0.300] AndroidManifest.xml:15:9-52
31    <permission
31-->[com.huawei.hms:push:4.0.0.300] AndroidManifest.xml:16:5-18:55
32        android:name="com.forfun.eventalert.permission.PUSH_WRITE_PROVIDER"
32-->[com.huawei.hms:push:4.0.0.300] AndroidManifest.xml:17:9-71
33        android:protectionLevel="signatureOrSystem" /> <!-- 注意这里.permission.PASSBY_MSG是自身app的包名 + .permission.PROCESS_PUSH_MSG -->
33-->[com.huawei.hms:push:4.0.0.300] AndroidManifest.xml:18:9-52
34    <uses-permission android:name="com.forfun.eventalert.permission.PROCESS_PUSH_MSG" />
34-->[com.huawei.hms:push:4.0.0.300] AndroidManifest.xml:20:5-84
34-->[com.huawei.hms:push:4.0.0.300] AndroidManifest.xml:20:22-81
35    <uses-permission android:name="com.forfun.eventalert.permission.PUSH_PROVIDER" /> <!-- 如果是安卓8.0，应用编译配置的targetSdkVersion>=26，请务必添加以下权限 -->
35-->[com.huawei.hms:push:4.0.0.300] AndroidManifest.xml:21:5-81
35-->[com.huawei.hms:push:4.0.0.300] AndroidManifest.xml:21:22-78
36    <uses-permission android:name="android.permission.REQUEST_INSTALL_PACKAGES" /> <!-- 应用市场9.0版本必须使用该权限获取用户的服务地 -->
36-->[com.huawei.hms:base:4.0.0.300] AndroidManifest.xml:16:5-83
36-->[com.huawei.hms:base:4.0.0.300] AndroidManifest.xml:16:22-80
37    <uses-permission android:name="com.huawei.appmarket.service.commondata.permission.GET_COMMON_DATA" />
37-->[com.huawei.hms:base:4.0.0.300] AndroidManifest.xml:18:5-106
37-->[com.huawei.hms:base:4.0.0.300] AndroidManifest.xml:18:22-103
38
39    <application
39-->src\main\AndroidManifest.xml:19:5-134:19
40        android:allowBackup="false"
40-->src\main\AndroidManifest.xml:20:9-36
41        android:appComponentFactory="androidx.core.app.CoreComponentFactory"
41-->src\main\AndroidManifest.xml:21:9-77
42        android:debuggable="true"
43        android:icon="@mipmap/ic_launcher"
43-->src\main\AndroidManifest.xml:22:9-43
44        android:label="@string/app_name"
44-->src\main\AndroidManifest.xml:23:9-41
45        android:networkSecurityConfig="@xml/network_security_config"
45-->src\main\AndroidManifest.xml:24:9-69
46        android:roundIcon="@mipmap/ic_launcher_round"
46-->src\main\AndroidManifest.xml:25:9-54
47        android:supportsRtl="true"
47-->src\main\AndroidManifest.xml:27:9-35
48        android:testOnly="true"
49        android:theme="@style/AppTheme" >
49-->src\main\AndroidManifest.xml:28:9-40
50        <receiver
50-->src\main\AndroidManifest.xml:30:9-37:20
51            android:name="com.forfun.eventalert.services.VoiceService"
51-->src\main\AndroidManifest.xml:31:13-50
52            android:exported="true"
52-->src\main\AndroidManifest.xml:32:13-36
53            android:permission="com.google.android.c2dm.permission.SEND" >
53-->src\main\AndroidManifest.xml:33:13-73
54            <intent-filter>
54-->src\main\AndroidManifest.xml:34:13-36:29
55                <action android:name="com.google.android.c2dm.intent.RECEIVE" />
55-->src\main\AndroidManifest.xml:35:17-81
55-->src\main\AndroidManifest.xml:35:25-78
56            </intent-filter>
57        </receiver>
58
59        <provider
59-->src\main\AndroidManifest.xml:39:9-47:20
60            android:name="androidx.core.content.FileProvider"
60-->src\main\AndroidManifest.xml:40:13-62
61            android:authorities="com.forfun.eventalert.fileprovider"
61-->src\main\AndroidManifest.xml:41:13-69
62            android:exported="false"
62-->src\main\AndroidManifest.xml:42:13-37
63            android:grantUriPermissions="true" >
63-->src\main\AndroidManifest.xml:43:13-47
64            <meta-data
64-->src\main\AndroidManifest.xml:44:13-46:54
65                android:name="android.support.FILE_PROVIDER_PATHS"
65-->src\main\AndroidManifest.xml:45:17-67
66                android:resource="@xml/file_paths" />
66-->src\main\AndroidManifest.xml:46:17-51
67        </provider>
68
69        <activity
69-->src\main\AndroidManifest.xml:49:9-58:20
70            android:name="com.forfun.eventalert.activities.InitActivity"
70-->src\main\AndroidManifest.xml:50:13-52
71            android:screenOrientation="portrait" >
71-->src\main\AndroidManifest.xml:51:13-49
72            <intent-filter>
72-->src\main\AndroidManifest.xml:52:13-57:29
73                <action android:name="android.intent.action.MAIN" />
73-->src\main\AndroidManifest.xml:53:17-69
73-->src\main\AndroidManifest.xml:53:25-66
74                <action android:name="android.intent.action.VIEW" />
74-->src\main\AndroidManifest.xml:54:17-69
74-->src\main\AndroidManifest.xml:54:25-66
75
76                <category android:name="android.intent.category.LAUNCHER" />
76-->src\main\AndroidManifest.xml:56:17-77
76-->src\main\AndroidManifest.xml:56:27-74
77            </intent-filter>
78        </activity>
79        <activity
79-->src\main\AndroidManifest.xml:59:9-61:52
80            android:name="com.forfun.eventalert.activities.LoginActivity"
80-->src\main\AndroidManifest.xml:60:13-53
81            android:screenOrientation="portrait" />
81-->src\main\AndroidManifest.xml:61:13-49
82        <activity
82-->src\main\AndroidManifest.xml:62:9-65:72
83            android:name="com.forfun.eventalert.activities.MainActivity"
83-->src\main\AndroidManifest.xml:63:13-52
84            android:screenOrientation="portrait"
84-->src\main\AndroidManifest.xml:64:13-49
85            android:theme="@style/Theme.AppCompat.Light.NoActionBar" />
85-->src\main\AndroidManifest.xml:65:13-69
86
87        <service
87-->src\main\AndroidManifest.xml:67:9-74:19
88            android:name="com.forfun.eventalert.services.FCMService"
88-->src\main\AndroidManifest.xml:68:13-48
89            android:enabled="true"
89-->src\main\AndroidManifest.xml:69:13-35
90            android:exported="false" >
90-->src\main\AndroidManifest.xml:70:13-37
91            <intent-filter>
91-->src\main\AndroidManifest.xml:71:13-73:29
92                <action android:name="com.google.firebase.MESSAGING_EVENT" />
92-->src\main\AndroidManifest.xml:72:17-78
92-->src\main\AndroidManifest.xml:72:25-75
93            </intent-filter>
94        </service>
95        <!--
96             FirebaseMessagingService performs security checks at runtime,
97             but set to not exported to explicitly avoid allowing another app to call it.
98        -->
99        <service
99-->src\main\AndroidManifest.xml:79:9-85:19
100            android:name="com.google.firebase.messaging.FirebaseMessagingService"
100-->src\main\AndroidManifest.xml:80:13-82
101            android:exported="false" >
101-->src\main\AndroidManifest.xml:81:13-37
102            <intent-filter android:priority="-500" >
102-->src\main\AndroidManifest.xml:71:13-73:29
102-->src\main\AndroidManifest.xml:82:28-51
103                <action android:name="com.google.firebase.MESSAGING_EVENT" />
103-->src\main\AndroidManifest.xml:72:17-78
103-->src\main\AndroidManifest.xml:72:25-75
104            </intent-filter>
105        </service>
106        <service
106-->src\main\AndroidManifest.xml:86:9-92:19
107            android:name="com.google.firebase.components.ComponentDiscoveryService"
107-->src\main\AndroidManifest.xml:87:13-84
108            android:directBootAware="true"
108-->[com.google.firebase:firebase-common:19.2.0] AndroidManifest.xml:15:13-43
109            android:exported="false" >
109-->src\main\AndroidManifest.xml:88:13-37
110            <meta-data
110-->src\main\AndroidManifest.xml:89:13-91:85
111                android:name="com.google.firebase.components:com.google.firebase.iid.Registrar"
111-->src\main\AndroidManifest.xml:90:17-96
112                android:value="com.google.firebase.components.ComponentRegistrar" />
112-->src\main\AndroidManifest.xml:91:17-82
113        </service> <!-- 華為推送 -->
114        <service
114-->src\main\AndroidManifest.xml:93:9-99:19
115            android:name="com.forfun.eventalert.services.HWService"
115-->src\main\AndroidManifest.xml:94:13-47
116            android:exported="false" >
116-->src\main\AndroidManifest.xml:95:13-37
117            <intent-filter>
117-->src\main\AndroidManifest.xml:96:13-98:29
118                <action android:name="com.huawei.push.action.MESSAGING_EVENT" />
118-->src\main\AndroidManifest.xml:97:17-81
118-->src\main\AndroidManifest.xml:97:25-78
119            </intent-filter>
120        </service>
121        <service
121-->src\main\AndroidManifest.xml:100:9-109:19
122            android:name="com.huawei.hms.support.api.push.service.HmsMsgService"
122-->src\main\AndroidManifest.xml:101:13-81
123            android:enabled="true"
123-->src\main\AndroidManifest.xml:102:13-35
124            android:exported="true"
124-->src\main\AndroidManifest.xml:103:13-36
125            android:process=":pushservice" >
125-->src\main\AndroidManifest.xml:104:13-43
126            <intent-filter>
126-->src\main\AndroidManifest.xml:105:13-108:29
127                <action android:name="com.huawei.push.msg.NOTIFY_MSG" />
127-->src\main\AndroidManifest.xml:106:17-73
127-->src\main\AndroidManifest.xml:106:25-70
128                <action android:name="com.huawei.push.msg.PASSBY_MSG" />
128-->src\main\AndroidManifest.xml:107:17-73
128-->src\main\AndroidManifest.xml:107:25-70
129            </intent-filter>
130        </service>
131
132        <receiver
132-->src\main\AndroidManifest.xml:111:9-118:20
133            android:name="com.google.firebase.iid.FirebaseInstanceIdReceiver"
133-->src\main\AndroidManifest.xml:112:13-78
134            android:exported="true"
134-->src\main\AndroidManifest.xml:113:13-36
135            android:permission="com.google.android.c2dm.permission.SEND" >
135-->src\main\AndroidManifest.xml:114:13-73
136            <intent-filter>
136-->src\main\AndroidManifest.xml:34:13-36:29
137                <action android:name="com.google.android.c2dm.intent.RECEIVE" />
137-->src\main\AndroidManifest.xml:35:17-81
137-->src\main\AndroidManifest.xml:35:25-78
138            </intent-filter>
139        </receiver>
140
141        <provider
141-->src\main\AndroidManifest.xml:120:9-124:39
142            android:name="com.google.firebase.provider.FirebaseInitProvider"
142-->src\main\AndroidManifest.xml:121:13-77
143            android:authorities="com.forfun.eventalert.firebaseinitprovider"
143-->src\main\AndroidManifest.xml:122:13-77
144            android:exported="false"
144-->src\main\AndroidManifest.xml:123:13-37
145            android:initOrder="100" />
145-->src\main\AndroidManifest.xml:124:13-36
146
147        <activity
147-->src\main\AndroidManifest.xml:126:9-129:75
148            android:name="com.google.android.gms.common.api.GoogleApiActivity"
148-->src\main\AndroidManifest.xml:127:13-79
149            android:exported="false"
149-->src\main\AndroidManifest.xml:128:13-37
150            android:theme="@android:style/Theme.Translucent.NoTitleBar" />
150-->src\main\AndroidManifest.xml:129:13-72
151
152        <meta-data
152-->src\main\AndroidManifest.xml:131:9-133:69
153            android:name="com.google.android.gms.version"
153-->src\main\AndroidManifest.xml:132:13-58
154            android:value="@integer/google_play_services_version" />
154-->src\main\AndroidManifest.xml:133:13-66
155
156        <receiver
156-->[com.huawei.hms:push:4.0.0.300] AndroidManifest.xml:24:9-34:20
157            android:name="com.huawei.hms.support.api.push.PushMsgReceiver"
157-->[com.huawei.hms:push:4.0.0.300] AndroidManifest.xml:25:13-75
158            android:permission="com.forfun.eventalert.permission.PROCESS_PUSH_MSG" >
158-->[com.huawei.hms:push:4.0.0.300] AndroidManifest.xml:26:13-78
159            <intent-filter>
159-->[com.huawei.hms:push:4.0.0.300] AndroidManifest.xml:27:13-33:29
160
161                <!-- 必须, 用于接收通知栏消息点击事件 -->
162                <action android:name="com.huawei.intent.action.PUSH_DELAY_NOTIFY" />
162-->[com.huawei.hms:push:4.0.0.300] AndroidManifest.xml:30:17-85
162-->[com.huawei.hms:push:4.0.0.300] AndroidManifest.xml:30:25-82
163                <!-- 可选，兼容老的华为手机 -->
164                <action android:name="com.huawei.intent.action.PUSH" />
164-->[com.huawei.hms:push:4.0.0.300] AndroidManifest.xml:32:17-72
164-->[com.huawei.hms:push:4.0.0.300] AndroidManifest.xml:32:25-69
165            </intent-filter>
166        </receiver>
167        <receiver
167-->[com.huawei.hms:push:4.0.0.300] AndroidManifest.xml:35:9-45:20
168            android:name="com.huawei.hms.support.api.push.PushReceiver"
168-->[com.huawei.hms:push:4.0.0.300] AndroidManifest.xml:36:13-72
169            android:permission="com.forfun.eventalert.permission.PROCESS_PUSH_MSG" >
169-->[com.huawei.hms:push:4.0.0.300] AndroidManifest.xml:37:13-78
170            <intent-filter>
170-->[com.huawei.hms:push:4.0.0.300] AndroidManifest.xml:38:13-44:29
171
172                <!-- 必须,用于接收token -->
173                <action android:name="com.huawei.android.push.intent.REGISTRATION" />
173-->[com.huawei.hms:push:4.0.0.300] AndroidManifest.xml:41:17-86
173-->[com.huawei.hms:push:4.0.0.300] AndroidManifest.xml:41:25-83
174                <!-- 必须, 用于接收消息 -->
175                <action android:name="com.huawei.android.push.intent.RECEIVE" />
175-->[com.huawei.hms:push:4.0.0.300] AndroidManifest.xml:43:17-81
175-->[com.huawei.hms:push:4.0.0.300] AndroidManifest.xml:43:25-78
176            </intent-filter>
177        </receiver>
178
179        <provider
179-->[com.huawei.hms:push:4.0.0.300] AndroidManifest.xml:59:9-65:89
180            android:name="com.huawei.hms.support.api.push.PushProvider"
180-->[com.huawei.hms:push:4.0.0.300] AndroidManifest.xml:60:13-72
181            android:authorities="com.forfun.eventalert.huawei.push.provider"
181-->[com.huawei.hms:push:4.0.0.300] AndroidManifest.xml:61:13-72
182            android:exported="true"
182-->[com.huawei.hms:push:4.0.0.300] AndroidManifest.xml:62:13-36
183            android:permission="com.forfun.eventalert.permission.PUSH_PROVIDER"
183-->[com.huawei.hms:push:4.0.0.300] AndroidManifest.xml:63:13-75
184            android:readPermission="com.forfun.eventalert.permission.PUSH_PROVIDER"
184-->[com.huawei.hms:push:4.0.0.300] AndroidManifest.xml:64:13-79
185            android:writePermission="com.forfun.eventalert.permission.PUSH_WRITE_PROVIDER" />
185-->[com.huawei.hms:push:4.0.0.300] AndroidManifest.xml:65:13-86
186
187        <meta-data
187-->[com.huawei.hms:push:4.0.0.300] AndroidManifest.xml:67:9-69:46
188            android:name="com.huawei.hms.client.service.name:push"
188-->[com.huawei.hms:push:4.0.0.300] AndroidManifest.xml:68:13-67
189            android:value="push:4.0.0.300" />
189-->[com.huawei.hms:push:4.0.0.300] AndroidManifest.xml:69:13-43
190        <meta-data
190-->[com.huawei.hms:push:4.0.0.300] AndroidManifest.xml:70:9-72:33
191            android:name="com.huawei.hms.min_api_level:push:push"
191-->[com.huawei.hms:push:4.0.0.300] AndroidManifest.xml:71:13-66
192            android:value="1" />
192-->[com.huawei.hms:push:4.0.0.300] AndroidManifest.xml:72:13-30
193
194        <provider
194-->[com.huawei.hms:opendevice:4.0.0.300] AndroidManifest.xml:10:9-13:40
195            android:name="com.huawei.hms.aaid.InitProvider"
195-->[com.huawei.hms:opendevice:4.0.0.300] AndroidManifest.xml:11:13-60
196            android:authorities="com.forfun.eventalert.aaidinitprovider"
196-->[com.huawei.hms:opendevice:4.0.0.300] AndroidManifest.xml:12:13-68
197            android:exported="false" />
197-->[com.huawei.hms:opendevice:4.0.0.300] AndroidManifest.xml:13:13-37
198
199        <meta-data
199-->[com.huawei.hms:opendevice:4.0.0.300] AndroidManifest.xml:15:9-17:52
200            android:name="com.huawei.hms.client.service.name:opendevice"
200-->[com.huawei.hms:opendevice:4.0.0.300] AndroidManifest.xml:16:13-73
201            android:value="opendevice:4.0.0.300" />
201-->[com.huawei.hms:opendevice:4.0.0.300] AndroidManifest.xml:17:13-49
202        <meta-data
202-->[com.huawei.hms:opendevice:4.0.0.300] AndroidManifest.xml:18:9-20:33
203            android:name="com.huawei.hms.min_api_level:opendevice:push"
203-->[com.huawei.hms:opendevice:4.0.0.300] AndroidManifest.xml:19:13-72
204            android:value="1" />
204-->[com.huawei.hms:opendevice:4.0.0.300] AndroidManifest.xml:20:13-30
205        <!--
206        为后续统计第三方app集成了哪些Kit，因此需要Kit在自己的AndroidManifest.xml文件中定义业务标签元数据，
207        流水线打包时会替换成HMSVER对应的版本号，不要手动修改
208        -->
209        <meta-data
209-->[com.huawei.hms:base:4.0.0.300] AndroidManifest.xml:26:9-28:46
210            android:name="com.huawei.hms.client.service.name:base"
210-->[com.huawei.hms:base:4.0.0.300] AndroidManifest.xml:27:13-67
211            android:value="base:4.0.0.300" /> <!-- SDK依赖的HMSCore的最低api level元数据 -->
211-->[com.huawei.hms:base:4.0.0.300] AndroidManifest.xml:28:13-43
212        <meta-data
212-->[com.huawei.hms:base:4.0.0.300] AndroidManifest.xml:31:9-33:33
213            android:name="com.huawei.hms.min_api_level:base:hmscore"
213-->[com.huawei.hms:base:4.0.0.300] AndroidManifest.xml:32:13-69
214            android:value="1" />
214-->[com.huawei.hms:base:4.0.0.300] AndroidManifest.xml:33:13-30
215
216        <activity
216-->[com.huawei.hms:base:4.0.0.300] AndroidManifest.xml:35:9-45:20
217            android:name="com.huawei.hms.activity.BridgeActivity"
217-->[com.huawei.hms:base:4.0.0.300] AndroidManifest.xml:36:13-66
218            android:configChanges="orientation|locale|layoutDirection|fontScale|screenSize|smallestScreenSize|screenLayout"
218-->[com.huawei.hms:base:4.0.0.300] AndroidManifest.xml:37:13-124
219            android:excludeFromRecents="true"
219-->[com.huawei.hms:base:4.0.0.300] AndroidManifest.xml:38:13-46
220            android:exported="false"
220-->[com.huawei.hms:base:4.0.0.300] AndroidManifest.xml:39:13-37
221            android:hardwareAccelerated="true"
221-->[com.huawei.hms:base:4.0.0.300] AndroidManifest.xml:40:13-47
222            android:theme="@android:style/Theme.Translucent" >
222-->[com.huawei.hms:base:4.0.0.300] AndroidManifest.xml:41:13-61
223            <meta-data
223-->[com.huawei.hms:base:4.0.0.300] AndroidManifest.xml:42:13-44:77
224                android:name="hwc-theme"
224-->[com.huawei.hms:base:4.0.0.300] AndroidManifest.xml:43:17-41
225                android:value="androidhwext:style/Theme.Emui.Translucent" />
225-->[com.huawei.hms:base:4.0.0.300] AndroidManifest.xml:44:17-74
226        </activity>
227        <activity
227-->[com.huawei.hms:base:4.0.0.300] AndroidManifest.xml:46:9-49:20
228            android:name="com.huawei.hms.activity.EnableServiceActivity"
228-->[com.huawei.hms:base:4.0.0.300] AndroidManifest.xml:47:13-73
229            android:configChanges="orientation|keyboardHidden|screenSize|smallestScreenSize|screenLayout" >
229-->[com.huawei.hms:base:4.0.0.300] AndroidManifest.xml:48:13-106
230        </activity>
231        <activity
231-->[com.huawei.hms:base:4.0.0.300] AndroidManifest.xml:50:9-58:20
232            android:name="com.huawei.updatesdk.service.otaupdate.AppUpdateActivity"
232-->[com.huawei.hms:base:4.0.0.300] AndroidManifest.xml:51:13-84
233            android:configChanges="orientation|screenSize|smallestScreenSize|screenLayout"
233-->[com.huawei.hms:base:4.0.0.300] AndroidManifest.xml:52:13-91
234            android:exported="false"
234-->[com.huawei.hms:base:4.0.0.300] AndroidManifest.xml:53:13-37
235            android:theme="@style/upsdkDlDialog" >
235-->[com.huawei.hms:base:4.0.0.300] AndroidManifest.xml:54:13-49
236            <meta-data
236-->[com.huawei.hms:base:4.0.0.300] AndroidManifest.xml:42:13-44:77
237                android:name="hwc-theme"
237-->[com.huawei.hms:base:4.0.0.300] AndroidManifest.xml:43:17-41
238                android:value="androidhwext:style/Theme.Emui.Translucent.NoTitleBar" />
238-->[com.huawei.hms:base:4.0.0.300] AndroidManifest.xml:44:17-74
239        </activity>
240        <activity
240-->[com.huawei.hms:base:4.0.0.300] AndroidManifest.xml:59:9-67:20
241            android:name="com.huawei.updatesdk.support.pm.PackageInstallerActivity"
241-->[com.huawei.hms:base:4.0.0.300] AndroidManifest.xml:60:13-84
242            android:configChanges="orientation|keyboardHidden|screenSize|smallestScreenSize|screenLayout"
242-->[com.huawei.hms:base:4.0.0.300] AndroidManifest.xml:61:13-106
243            android:exported="false"
243-->[com.huawei.hms:base:4.0.0.300] AndroidManifest.xml:62:13-37
244            android:theme="@style/upsdkDlDialog" >
244-->[com.huawei.hms:base:4.0.0.300] AndroidManifest.xml:63:13-49
245            <meta-data
245-->[com.huawei.hms:base:4.0.0.300] AndroidManifest.xml:42:13-44:77
246                android:name="hwc-theme"
246-->[com.huawei.hms:base:4.0.0.300] AndroidManifest.xml:43:17-41
247                android:value="androidhwext:style/Theme.Emui.Translucent" />
247-->[com.huawei.hms:base:4.0.0.300] AndroidManifest.xml:44:17-74
248        </activity>
249
250        <provider
250-->[com.huawei.hms:base:4.0.0.300] AndroidManifest.xml:69:9-74:20
251            android:name="com.huawei.hms.update.provider.UpdateProvider"
251-->[com.huawei.hms:base:4.0.0.300] AndroidManifest.xml:70:13-73
252            android:authorities="com.forfun.eventalert.hms.update.provider"
252-->[com.huawei.hms:base:4.0.0.300] AndroidManifest.xml:71:13-71
253            android:exported="false"
253-->[com.huawei.hms:base:4.0.0.300] AndroidManifest.xml:72:13-37
254            android:grantUriPermissions="true" >
254-->[com.huawei.hms:base:4.0.0.300] AndroidManifest.xml:73:13-47
255        </provider>
256        <provider
256-->[com.huawei.agconnect:agconnect-core:1.0.0.300] AndroidManifest.xml:10:9-13:40
257            android:name="com.huawei.agconnect.core.provider.AGConnectInitializeProvider"
257-->[com.huawei.agconnect:agconnect-core:1.0.0.300] AndroidManifest.xml:11:13-90
258            android:authorities="com.forfun.eventalert.AGCInitializeProvider"
258-->[com.huawei.agconnect:agconnect-core:1.0.0.300] AndroidManifest.xml:12:13-73
259            android:exported="false" />
259-->[com.huawei.agconnect:agconnect-core:1.0.0.300] AndroidManifest.xml:13:13-37
260
261        <service
261-->[com.huawei.agconnect:agconnect-core:1.0.0.300] AndroidManifest.xml:15:9-17:40
262            android:name="com.huawei.agconnect.core.ServiceDiscovery"
262-->[com.huawei.agconnect:agconnect-core:1.0.0.300] AndroidManifest.xml:16:13-70
263            android:exported="false" />
263-->[com.huawei.agconnect:agconnect-core:1.0.0.300] AndroidManifest.xml:17:13-37
264    </application>
265
266</manifest>